<?xml version="1.0" encoding="utf-8"?><testsuites name="pytest tests"><testsuite name="pytest" errors="0" failures="0" skipped="0" tests="13" time="0.954" timestamp="2026-04-20T07:18:03.043900+00:00" hostname="agent-env-54a8b801-e4a4-4b37-9e9e-e56caeeb260a"><testcase classname="backend.tests.test_api.TestHealth" name="test_root" time="0.246" /><testcase classname="backend.tests.test_api.TestStaticContent" name="test_eas" time="0.048" /><testcase classname="backend.tests.test_api.TestStaticContent" name="test_indicators" time="0.047" /><testcase classname="backend.tests.test_api.TestStaticContent" name="test_tutorials" time="0.047" /><testcase classname="backend.tests.test_api.TestSubmissions" name="test_create_submission[join-TEST_Alice-13800000001]" time="0.053" /><testcase classname="backend.tests.test_api.TestSubmissions" name="test_create_submission[contact-TEST_Bob-wechat_bob]" time="0.049" /><testcase classname="backend.tests.test_api.TestSubmissions" name="test_create_submission[account_open-TEST_Carol-carol@test.com]" time="0.051" /><testcase classname="backend.tests.test_api.TestSubmissions" name="test_missing_name_rejected" time="0.045" /><testcase classname="backend.tests.test_api.TestSubmissions" name="test_missing_contact_rejected" time="0.057" /><testcase classname="backend.tests.test_api.TestSubmissions" name="test_missing_field_422" time="0.048" /><testcase classname="backend.tests.test_api.TestSubmissions" name="test_invalid_kind" time="0.045" /><testcase classname="backend.tests.test_api.TestSubmissions" name="test_list_submissions_excludes_objectid" time="0.049" /><testcase classname="backend.tests.test_api.TestSubmissions" name="test_list_filter_by_kind" time="0.046" /></testsuite></testsuites>